0 info it worked if it ends with ok
1 verbose cli [ 'C:\\Program Files (x86)\\nodejs\\\\node.exe',
1 verbose cli   'C:\\Program Files (x86)\\nodejs\\node_modules\\npm\\bin\\npm-cli.js',
1 verbose cli   'install',
1 verbose cli   '--save',
1 verbose cli   'dgram' ]
2 info using npm@1.3.2
3 info using node@v0.10.13
4 verbose node symlink C:\Program Files (x86)\nodejs\\node.exe
5 verbose readDependencies using package.json deps
6 verbose cache add [ 'dgram', null ]
7 verbose cache add name=undefined spec="dgram" args=["dgram",null]
8 verbose parsed url { protocol: null,
8 verbose parsed url   slashes: null,
8 verbose parsed url   auth: null,
8 verbose parsed url   host: null,
8 verbose parsed url   port: null,
8 verbose parsed url   hostname: null,
8 verbose parsed url   hash: null,
8 verbose parsed url   search: null,
8 verbose parsed url   query: null,
8 verbose parsed url   pathname: 'dgram',
8 verbose parsed url   path: 'dgram',
8 verbose parsed url   href: 'dgram' }
9 silly lockFile 2ef82937-dgram dgram
10 verbose lock dgram C:\Users\crowat\AppData\Roaming\npm-cache\2ef82937-dgram.lock
11 silly lockFile 2ef82937-dgram dgram
12 silly lockFile 2ef82937-dgram dgram
13 verbose addNamed [ 'dgram', '' ]
14 verbose addNamed [ null, '*' ]
15 silly lockFile bd8d1382-dgram dgram@
16 verbose lock dgram@ C:\Users\crowat\AppData\Roaming\npm-cache\bd8d1382-dgram.lock
17 silly addNameRange { name: 'dgram', range: '*', hasData: false }
18 verbose url raw dgram
19 verbose url resolving [ 'https://registry.npmjs.org/', './dgram' ]
20 verbose url resolved https://registry.npmjs.org/dgram
21 info trying registry request attempt 1 at 10:37:59
22 http GET https://registry.npmjs.org/dgram
23 http 404 https://registry.npmjs.org/dgram
24 silly registry.get cb [ 404,
24 silly registry.get   { 'content-type': 'application/json',
24 silly registry.get     'cache-control': 'max-age=0',
24 silly registry.get     'content-length': '2',
24 silly registry.get     'accept-ranges': 'bytes',
24 silly registry.get     date: 'Tue, 29 Mar 2016 16:38:00 GMT',
24 silly registry.get     via: '1.1 varnish',
24 silly registry.get     age: '0',
24 silly registry.get     connection: 'keep-alive',
24 silly registry.get     'x-served-by': 'cache-fra1221-FRA',
24 silly registry.get     'x-cache': 'MISS',
24 silly registry.get     'x-cache-hits': '0',
24 silly registry.get     'x-timer': 'S1459269480.210240,VS0,VE187' } ]
25 silly addNameRange number 2 { name: 'dgram', range: '*', hasData: true }
26 silly addNameRange versions [ undefined, [] ]
27 error TypeError: Cannot read property 'latest' of undefined
27 error     at next (C:\Program Files (x86)\nodejs\node_modules\npm\lib\cache.js:687:35)
27 error     at C:\Program Files (x86)\nodejs\node_modules\npm\lib\cache.js:675:5
27 error     at saved (C:\Program Files (x86)\nodejs\node_modules\npm\node_modules\npm-registry-client\lib\get.js:142:7)
27 error     at Object.oncomplete (fs.js:107:15)
28 error If you need help, you may report this log at:
28 error     <http://github.com/isaacs/npm/issues>
28 error or email it to:
28 error     <npm-@googlegroups.com>
29 error System Windows_NT 6.2.9200
30 error command "C:\\Program Files (x86)\\nodejs\\\\node.exe" "C:\\Program Files (x86)\\nodejs\\node_modules\\npm\\bin\\npm-cli.js" "install" "--save" "dgram"
31 error cwd D:\git\ideal-disco\nodejs
32 error node -v v0.10.13
33 error npm -v 1.3.2
34 error type non_object_property_load
35 verbose exit [ 1, true ]
